{"/home/runner/work/CardGames/CardGames/src/CardGames.Web/src/index.ts": {"path":"/home/runner/work/CardGames/CardGames/src/CardGames.Web/src/index.ts","statementMap":{"0":{"start":{"line":2,"column":0},"end":{"line":2,"column":9}},"1":{"start":{"line":2,"column":9},"end":{"line":2,"column":15}},"2":{"start":{"line":2,"column":15},"end":{"line":2,"column":27}},"3":{"start":{"line":2,"column":27},"end":{"line":2,"column":58}},"4":{"start":{"line":3,"column":0},"end":{"line":3,"column":9}},"5":{"start":{"line":3,"column":9},"end":{"line":3,"column":35}},"6":{"start":{"line":4,"column":0},"end":{"line":4,"column":9}},"7":{"start":{"line":4,"column":9},"end":{"line":4,"column":55}}},"fnMap":{"0":{"name":"(anonymous_0)","decl":{"start":{"line":2,"column":9},"end":{"line":2,"column":13}},"loc":{"start":{"line":2,"column":9},"end":{"line":2,"column":15}}},"1":{"name":"(anonymous_1)","decl":{"start":{"line":2,"column":15},"end":{"line":2,"column":25}},"loc":{"start":{"line":2,"column":15},"end":{"line":2,"column":27}}},"2":{"name":"(anonymous_2)","decl":{"start":{"line":2,"column":27},"end":{"line":2,"column":36}},"loc":{"start":{"line":2,"column":27},"end":{"line":2,"column":58}}},"3":{"name":"(anonymous_3)","decl":{"start":{"line":3,"column":9},"end":{"line":3,"column":13}},"loc":{"start":{"line":3,"column":9},"end":{"line":3,"column":35}}},"4":{"name":"(anonymous_4)","decl":{"start":{"line":4,"column":9},"end":{"line":4,"column":23}},"loc":{"start":{"line":4,"column":9},"end":{"line":4,"column":55}}}},"branchMap":{},"s":{"0":0,"1":0,"2":0,"3":0,"4":0,"5":0,"6":0,"7":0},"f":{"0":0,"1":0,"2":0,"3":0,"4":0},"b":{}}
,"/home/runner/work/CardGames/CardGames/src/CardGames.Web/src/core/Card.ts": {"path":"/home/runner/work/CardGames/CardGames/src/CardGames.Web/src/core/Card.ts","statementMap":{"0":{"start":{"line":4,"column":0},"end":{"line":4,"column":null}},"1":{"start":{"line":5,"column":2},"end":{"line":5,"column":null}},"2":{"start":{"line":6,"column":2},"end":{"line":6,"column":null}},"3":{"start":{"line":7,"column":2},"end":{"line":7,"column":null}},"4":{"start":{"line":8,"column":2},"end":{"line":8,"column":null}},"5":{"start":{"line":9,"column":2},"end":{"line":9,"column":null}},"6":{"start":{"line":10,"column":2},"end":{"line":10,"column":null}},"7":{"start":{"line":11,"column":2},"end":{"line":11,"column":null}},"8":{"start":{"line":12,"column":2},"end":{"line":12,"column":null}},"9":{"start":{"line":13,"column":2},"end":{"line":13,"column":null}},"10":{"start":{"line":14,"column":2},"end":{"line":14,"column":null}},"11":{"start":{"line":15,"column":2},"end":{"line":15,"column":null}},"12":{"start":{"line":16,"column":2},"end":{"line":16,"column":null}},"13":{"start":{"line":17,"column":2},"end":{"line":17,"column":null}},"14":{"start":{"line":23,"column":0},"end":{"line":23,"column":null}},"15":{"start":{"line":24,"column":2},"end":{"line":24,"column":null}},"16":{"start":{"line":25,"column":2},"end":{"line":25,"column":null}},"17":{"start":{"line":26,"column":2},"end":{"line":26,"column":null}},"18":{"start":{"line":27,"column":2},"end":{"line":27,"column":null}},"19":{"start":{"line":33,"column":0},"end":{"line":33,"column":13}},"20":{"start":{"line":45,"column":4},"end":{"line":45,"column":25}},"21":{"start":{"line":46,"column":4},"end":{"line":46,"column":23}},"22":{"start":{"line":52,"column":9},"end":{"line":57,"column":null}},"23":{"start":{"line":53,"column":4},"end":{"line":55,"column":5}},"24":{"start":{"line":54,"column":6},"end":{"line":54,"column":19}},"25":{"start":{"line":56,"column":4},"end":{"line":56,"column":70}},"26":{"start":{"line":62,"column":9},"end":{"line":64,"column":null}},"27":{"start":{"line":63,"column":4},"end":{"line":63,"column":46}},"28":{"start":{"line":69,"column":9},"end":{"line":86,"column":null}},"29":{"start":{"line":70,"column":4},"end":{"line":85,"column":5}},"30":{"start":{"line":71,"column":25},"end":{"line":71,"column":34}},"31":{"start":{"line":72,"column":26},"end":{"line":72,"column":35}},"32":{"start":{"line":73,"column":26},"end":{"line":73,"column":35}},"33":{"start":{"line":74,"column":26},"end":{"line":74,"column":35}},"34":{"start":{"line":75,"column":26},"end":{"line":75,"column":35}},"35":{"start":{"line":76,"column":26},"end":{"line":76,"column":35}},"36":{"start":{"line":77,"column":26},"end":{"line":77,"column":35}},"37":{"start":{"line":78,"column":26},"end":{"line":78,"column":35}},"38":{"start":{"line":79,"column":26},"end":{"line":79,"column":35}},"39":{"start":{"line":80,"column":27},"end":{"line":80,"column":37}},"40":{"start":{"line":81,"column":25},"end":{"line":81,"column":35}},"41":{"start":{"line":82,"column":25},"end":{"line":82,"column":35}},"42":{"start":{"line":83,"column":25},"end":{"line":83,"column":35}},"43":{"start":{"line":84,"column":15},"end":{"line":84,"column":24}},"44":{"start":{"line":91,"column":9},"end":{"line":93,"column":null}},"45":{"start":{"line":92,"column":4},"end":{"line":92,"column":78}},"46":{"start":{"line":98,"column":9},"end":{"line":100,"column":null}},"47":{"start":{"line":99,"column":4},"end":{"line":99,"column":75}},"48":{"start":{"line":101,"column":0},"end":{"line":101,"column":null}},"49":{"start":{"line":33,"column":13},"end":{"line":33,"column":17}}},"fnMap":{"0":{"name":"(anonymous_0)","decl":{"start":{"line":4,"column":0},"end":{"line":4,"column":12}},"loc":{"start":{"line":4,"column":22},"end":{"line":18,"column":1}}},"1":{"name":"(anonymous_1)","decl":{"start":{"line":23,"column":0},"end":{"line":23,"column":12}},"loc":{"start":{"line":23,"column":21},"end":{"line":28,"column":1}}},"2":{"name":"(anonymous_2)","decl":{"start":{"line":33,"column":0},"end":{"line":33,"column":13}},"loc":{"start":{"line":33,"column":0},"end":{"line":101,"column":1}}},"3":{"name":"Card","decl":{"start":{"line":44,"column":2},"end":{"line":44,"column":14}},"loc":{"start":{"line":44,"column":50},"end":{"line":47,"column":3}}},"4":{"name":"(anonymous_4)","decl":{"start":{"line":52,"column":2},"end":{"line":52,"column":9}},"loc":{"start":{"line":52,"column":34},"end":{"line":57,"column":3}}},"5":{"name":"(anonymous_5)","decl":{"start":{"line":62,"column":2},"end":{"line":62,"column":9}},"loc":{"start":{"line":62,"column":2},"end":{"line":64,"column":3}}},"6":{"name":"(anonymous_6)","decl":{"start":{"line":69,"column":2},"end":{"line":69,"column":9}},"loc":{"start":{"line":69,"column":2},"end":{"line":86,"column":3}}},"7":{"name":"(anonymous_7)","decl":{"start":{"line":91,"column":2},"end":{"line":91,"column":9}},"loc":{"start":{"line":91,"column":2},"end":{"line":93,"column":3}}},"8":{"name":"(anonymous_8)","decl":{"start":{"line":98,"column":2},"end":{"line":98,"column":9}},"loc":{"start":{"line":98,"column":2},"end":{"line":100,"column":3}}}},"branchMap":{"0":{"loc":{"start":{"line":4,"column":12},"end":{"line":4,"column":null}},"type":"binary-expr","locations":[{"start":{"line":4,"column":12},"end":{"line":4,"column":22}},{"start":{"line":4,"column":22},"end":{"line":4,"column":null}}]},"1":{"loc":{"start":{"line":23,"column":12},"end":{"line":23,"column":null}},"type":"binary-expr","locations":[{"start":{"line":23,"column":12},"end":{"line":23,"column":21}},{"start":{"line":23,"column":21},"end":{"line":23,"column":null}}]},"2":{"loc":{"start":{"line":53,"column":4},"end":{"line":55,"column":5}},"type":"if","locations":[{"start":{"line":53,"column":4},"end":{"line":55,"column":5}},{"start":{},"end":{}}]},"3":{"loc":{"start":{"line":53,"column":8},"end":{"line":53,"column":45}},"type":"binary-expr","locations":[{"start":{"line":53,"column":8},"end":{"line":53,"column":22}},{"start":{"line":53,"column":26},"end":{"line":53,"column":45}}]},"4":{"loc":{"start":{"line":56,"column":11},"end":{"line":56,"column":69}},"type":"binary-expr","locations":[{"start":{"line":56,"column":11},"end":{"line":56,"column":39}},{"start":{"line":56,"column":43},"end":{"line":56,"column":69}}]},"5":{"loc":{"start":{"line":70,"column":4},"end":{"line":85,"column":5}},"type":"switch","locations":[{"start":{"line":71,"column":6},"end":{"line":71,"column":34}},{"start":{"line":72,"column":6},"end":{"line":72,"column":35}},{"start":{"line":73,"column":6},"end":{"line":73,"column":35}},{"start":{"line":74,"column":6},"end":{"line":74,"column":35}},{"start":{"line":75,"column":6},"end":{"line":75,"column":35}},{"start":{"line":76,"column":6},"end":{"line":76,"column":35}},{"start":{"line":77,"column":6},"end":{"line":77,"column":35}},{"start":{"line":78,"column":6},"end":{"line":78,"column":35}},{"start":{"line":79,"column":6},"end":{"line":79,"column":35}},{"start":{"line":80,"column":6},"end":{"line":80,"column":37}},{"start":{"line":81,"column":6},"end":{"line":81,"column":35}},{"start":{"line":82,"column":6},"end":{"line":82,"column":35}},{"start":{"line":83,"column":6},"end":{"line":83,"column":35}},{"start":{"line":84,"column":6},"end":{"line":84,"column":24}}]},"6":{"loc":{"start":{"line":92,"column":11},"end":{"line":92,"column":77}},"type":"binary-expr","locations":[{"start":{"line":92,"column":11},"end":{"line":92,"column":41}},{"start":{"line":92,"column":45},"end":{"line":92,"column":77}}]},"7":{"loc":{"start":{"line":99,"column":11},"end":{"line":99,"column":74}},"type":"binary-expr","locations":[{"start":{"line":99,"column":11},"end":{"line":99,"column":40}},{"start":{"line":99,"column":44},"end":{"line":99,"column":74}}]}},"s":{"0":3,"1":3,"2":3,"3":3,"4":3,"5":3,"6":3,"7":3,"8":3,"9":3,"10":3,"11":3,"12":3,"13":3,"14":3,"15":3,"16":3,"17":3,"18":3,"19":3,"20":1230,"21":1230,"22":3,"23":56,"24":1,"25":55,"26":3,"27":4,"28":3,"29":19,"30":4,"31":3,"32":1,"33":0,"34":2,"35":2,"36":3,"37":0,"38":0,"39":1,"40":1,"41":1,"42":1,"43":0,"44":3,"45":8,"46":3,"47":4,"48":3,"49":3},"f":{"0":3,"1":3,"2":3,"3":1230,"4":56,"5":4,"6":19,"7":8,"8":4},"b":{"0":[3,3],"1":[3,3],"2":[1,55],"3":[56,55],"4":[55,54],"5":[4,3,1,0,2,2,3,0,0,1,1,1,1,0],"6":[8,5],"7":[4,3]}}
,"/home/runner/work/CardGames/CardGames/src/CardGames.Web/src/core/Deck.ts": {"path":"/home/runner/work/CardGames/CardGames/src/CardGames.Web/src/core/Deck.ts","statementMap":{"0":{"start":{"line":1,"column":0},"end":{"line":1,"column":53}},"1":{"start":{"line":6,"column":0},"end":{"line":6,"column":13}},"2":{"start":{"line":19,"column":4},"end":{"line":19,"column":46}},"3":{"start":{"line":22,"column":4},"end":{"line":22,"column":20}},"4":{"start":{"line":23,"column":4},"end":{"line":27,"column":5}},"5":{"start":{"line":23,"column":24},"end":{"line":23,"column":30}},"6":{"start":{"line":23,"column":24},"end":{"line":23,"column":48}},"7":{"start":{"line":23,"column":20},"end":{"line":23,"column":24}},"8":{"start":{"line":24,"column":6},"end":{"line":26,"column":7}},"9":{"start":{"line":24,"column":27},"end":{"line":24,"column":33}},"10":{"start":{"line":24,"column":27},"end":{"line":24,"column":52}},"11":{"start":{"line":24,"column":23},"end":{"line":24,"column":27}},"12":{"start":{"line":25,"column":8},"end":{"line":25,"column":49}},"13":{"start":{"line":33,"column":9},"end":{"line":42,"column":null}},"14":{"start":{"line":34,"column":12},"end":{"line":34,"column":29}},"15":{"start":{"line":35,"column":4},"end":{"line":41,"column":5}},"16":{"start":{"line":36,"column":6},"end":{"line":36,"column":10}},"17":{"start":{"line":37,"column":16},"end":{"line":37,"column":48}},"18":{"start":{"line":38,"column":20},"end":{"line":38,"column":33}},"19":{"start":{"line":39,"column":6},"end":{"line":39,"column":36}},"20":{"start":{"line":40,"column":6},"end":{"line":40,"column":28}},"21":{"start":{"line":47,"column":2},"end":{"line":49,"column":null}},"22":{"start":{"line":48,"column":4},"end":{"line":48,"column":29}},"23":{"start":{"line":55,"column":9},"end":{"line":60,"column":null}},"24":{"start":{"line":56,"column":4},"end":{"line":58,"column":5}},"25":{"start":{"line":57,"column":6},"end":{"line":57,"column":18}},"26":{"start":{"line":59,"column":4},"end":{"line":59,"column":36}},"27":{"start":{"line":66,"column":9},"end":{"line":68,"column":null}},"28":{"start":{"line":67,"column":4},"end":{"line":67,"column":26}},"29":{"start":{"line":73,"column":9},"end":{"line":75,"column":null}},"30":{"start":{"line":74,"column":4},"end":{"line":74,"column":35}},"31":{"start":{"line":80,"column":9},"end":{"line":84,"column":null}},"32":{"start":{"line":81,"column":20},"end":{"line":81,"column":38}},"33":{"start":{"line":82,"column":4},"end":{"line":82,"column":78}},"34":{"start":{"line":82,"column":43},"end":{"line":82,"column":77}},"35":{"start":{"line":83,"column":4},"end":{"line":83,"column":19}},"36":{"start":{"line":85,"column":0},"end":{"line":85,"column":null}},"37":{"start":{"line":6,"column":13},"end":{"line":6,"column":17}}},"fnMap":{"0":{"name":"(anonymous_0)","decl":{"start":{"line":6,"column":0},"end":{"line":6,"column":13}},"loc":{"start":{"line":6,"column":0},"end":{"line":85,"column":1}}},"1":{"name":"Deck","decl":{"start":{"line":18,"column":2},"end":{"line":18,"column":14}},"loc":{"start":{"line":18,"column":44},"end":{"line":28,"column":3}}},"2":{"name":"(anonymous_2)","decl":{"start":{"line":33,"column":2},"end":{"line":33,"column":9}},"loc":{"start":{"line":33,"column":2},"end":{"line":42,"column":3}}},"3":{"name":"(anonymous_3)","decl":{"start":{"line":47,"column":2},"end":{"line":47,"column":13}},"loc":{"start":{"line":47,"column":2},"end":{"line":49,"column":3}}},"4":{"name":"(anonymous_4)","decl":{"start":{"line":55,"column":2},"end":{"line":55,"column":9}},"loc":{"start":{"line":55,"column":2},"end":{"line":60,"column":3}}},"5":{"name":"(anonymous_5)","decl":{"start":{"line":66,"column":2},"end":{"line":66,"column":9}},"loc":{"start":{"line":66,"column":27},"end":{"line":68,"column":3}}},"6":{"name":"(anonymous_6)","decl":{"start":{"line":73,"column":2},"end":{"line":73,"column":9}},"loc":{"start":{"line":73,"column":2},"end":{"line":75,"column":3}}},"7":{"name":"(anonymous_7)","decl":{"start":{"line":80,"column":2},"end":{"line":80,"column":9}},"loc":{"start":{"line":80,"column":2},"end":{"line":84,"column":3}}},"8":{"name":"(anonymous_8)","decl":{"start":{"line":82,"column":35},"end":{"line":82,"column":39}},"loc":{"start":{"line":82,"column":39},"end":{"line":82,"column":47}}}},"branchMap":{"0":{"loc":{"start":{"line":19,"column":15},"end":{"line":19,"column":45}},"type":"binary-expr","locations":[{"start":{"line":19,"column":15},"end":{"line":19,"column":30}},{"start":{"line":19,"column":34},"end":{"line":19,"column":45}}]},"1":{"loc":{"start":{"line":56,"column":4},"end":{"line":58,"column":5}},"type":"if","locations":[{"start":{"line":56,"column":4},"end":{"line":58,"column":5}},{"start":{},"end":{}}]},"2":{"loc":{"start":{"line":59,"column":11},"end":{"line":59,"column":35}},"type":"binary-expr","locations":[{"start":{"line":59,"column":11},"end":{"line":59,"column":27}},{"start":{"line":59,"column":31},"end":{"line":59,"column":35}}]}},"s":{"0":2,"1":2,"2":19,"3":19,"4":19,"5":19,"6":19,"7":76,"8":76,"9":76,"10":76,"11":988,"12":988,"13":2,"14":3,"15":3,"16":153,"17":153,"18":153,"19":153,"20":153,"21":2,"22":121,"23":2,"24":108,"25":1,"26":107,"27":2,"28":1,"29":2,"30":55,"31":2,"32":2,"33":2,"34":104,"35":2,"36":2,"37":2},"f":{"0":2,"1":19,"2":3,"3":121,"4":108,"5":1,"6":55,"7":2,"8":104},"b":{"0":[19,16],"1":[1,107],"2":[107,0]}}
,"/home/runner/work/CardGames/CardGames/src/CardGames.Web/src/core/SolitaireRules.ts": {"path":"/home/runner/work/CardGames/CardGames/src/CardGames.Web/src/core/SolitaireRules.ts","statementMap":{"0":{"start":{"line":1,"column":0},"end":{"line":1,"column":53}},"1":{"start":{"line":7,"column":0},"end":{"line":7,"column":13}},"2":{"start":{"line":32,"column":4},"end":{"line":32,"column":29}},"3":{"start":{"line":33,"column":4},"end":{"line":35,"column":5}},"4":{"start":{"line":33,"column":17},"end":{"line":33,"column":18}},"5":{"start":{"line":34,"column":6},"end":{"line":34,"column":35}},"6":{"start":{"line":37,"column":4},"end":{"line":37,"column":30}},"7":{"start":{"line":38,"column":4},"end":{"line":40,"column":5}},"8":{"start":{"line":38,"column":17},"end":{"line":38,"column":18}},"9":{"start":{"line":39,"column":6},"end":{"line":39,"column":36}},"10":{"start":{"line":42,"column":4},"end":{"line":42,"column":24}},"11":{"start":{"line":43,"column":4},"end":{"line":43,"column":24}},"12":{"start":{"line":50,"column":9},"end":{"line":79,"column":null}},"13":{"start":{"line":51,"column":4},"end":{"line":53,"column":5}},"14":{"start":{"line":52,"column":6},"end":{"line":52,"column":60}},"15":{"start":{"line":56,"column":4},"end":{"line":58,"column":5}},"16":{"start":{"line":56,"column":25},"end":{"line":56,"column":29}},"17":{"start":{"line":56,"column":25},"end":{"line":56,"column":44}},"18":{"start":{"line":56,"column":21},"end":{"line":56,"column":25}},"19":{"start":{"line":57,"column":6},"end":{"line":57,"column":24}},"20":{"start":{"line":59,"column":4},"end":{"line":61,"column":5}},"21":{"start":{"line":59,"column":29},"end":{"line":59,"column":33}},"22":{"start":{"line":59,"column":29},"end":{"line":59,"column":49}},"23":{"start":{"line":59,"column":25},"end":{"line":59,"column":29}},"24":{"start":{"line":60,"column":6},"end":{"line":60,"column":28}},"25":{"start":{"line":62,"column":4},"end":{"line":62,"column":30}},"26":{"start":{"line":63,"column":4},"end":{"line":63,"column":30}},"27":{"start":{"line":65,"column":20},"end":{"line":65,"column":21}},"28":{"start":{"line":68,"column":4},"end":{"line":73,"column":5}},"29":{"start":{"line":68,"column":22},"end":{"line":68,"column":23}},"30":{"start":{"line":69,"column":6},"end":{"line":72,"column":7}},"31":{"start":{"line":69,"column":22},"end":{"line":69,"column":23}},"32":{"start":{"line":70,"column":8},"end":{"line":70,"column":64}},"33":{"start":{"line":71,"column":8},"end":{"line":71,"column":20}},"34":{"start":{"line":76,"column":4},"end":{"line":78,"column":5}},"35":{"start":{"line":76,"column":17},"end":{"line":76,"column":26}},"36":{"start":{"line":77,"column":6},"end":{"line":77,"column":41}},"37":{"start":{"line":87,"column":9},"end":{"line":104,"column":null}},"38":{"start":{"line":88,"column":4},"end":{"line":90,"column":5}},"39":{"start":{"line":89,"column":6},"end":{"line":89,"column":19}},"40":{"start":{"line":92,"column":19},"end":{"line":92,"column":51}},"41":{"start":{"line":95,"column":4},"end":{"line":97,"column":5}},"42":{"start":{"line":96,"column":6},"end":{"line":96,"column":42}},"43":{"start":{"line":100,"column":20},"end":{"line":100,"column":45}},"44":{"start":{"line":103,"column":4},"end":{"line":103,"column":99}},"45":{"start":{"line":112,"column":9},"end":{"line":129,"column":null}},"46":{"start":{"line":113,"column":4},"end":{"line":115,"column":5}},"47":{"start":{"line":114,"column":6},"end":{"line":114,"column":19}},"48":{"start":{"line":117,"column":23},"end":{"line":117,"column":60}},"49":{"start":{"line":120,"column":4},"end":{"line":122,"column":5}},"50":{"start":{"line":121,"column":6},"end":{"line":121,"column":42}},"51":{"start":{"line":125,"column":20},"end":{"line":125,"column":53}},"52":{"start":{"line":128,"column":4},"end":{"line":128,"column":93}},"53":{"start":{"line":135,"column":9},"end":{"line":142,"column":null}},"54":{"start":{"line":136,"column":4},"end":{"line":140,"column":5}},"55":{"start":{"line":136,"column":29},"end":{"line":136,"column":33}},"56":{"start":{"line":136,"column":29},"end":{"line":136,"column":49}},"57":{"start":{"line":136,"column":25},"end":{"line":136,"column":29}},"58":{"start":{"line":137,"column":6},"end":{"line":139,"column":7}},"59":{"start":{"line":138,"column":8},"end":{"line":138,"column":21}},"60":{"start":{"line":141,"column":4},"end":{"line":141,"column":16}},"61":{"start":{"line":149,"column":9},"end":{"line":162,"column":null}},"62":{"start":{"line":150,"column":4},"end":{"line":152,"column":5}},"63":{"start":{"line":151,"column":6},"end":{"line":151,"column":16}},"64":{"start":{"line":155,"column":33},"end":{"line":155,"column":63}},"65":{"start":{"line":157,"column":4},"end":{"line":159,"column":5}},"66":{"start":{"line":158,"column":6},"end":{"line":158,"column":34}},"67":{"start":{"line":161,"column":4},"end":{"line":161,"column":14}},"68":{"start":{"line":168,"column":9},"end":{"line":176,"column":null}},"69":{"start":{"line":169,"column":4},"end":{"line":171,"column":5}},"70":{"start":{"line":170,"column":6},"end":{"line":170,"column":19}},"71":{"start":{"line":173,"column":22},"end":{"line":173,"column":43}},"72":{"start":{"line":174,"column":4},"end":{"line":174,"column":35}},"73":{"start":{"line":175,"column":4},"end":{"line":175,"column":16}},"74":{"start":{"line":181,"column":9},"end":{"line":189,"column":null}},"75":{"start":{"line":182,"column":4},"end":{"line":188,"column":5}},"76":{"start":{"line":184,"column":6},"end":{"line":186,"column":7}},"77":{"start":{"line":184,"column":19},"end":{"line":184,"column":44}},"78":{"start":{"line":185,"column":8},"end":{"line":185,"column":47}},"79":{"start":{"line":187,"column":6},"end":{"line":187,"column":32}},"80":{"start":{"line":194,"column":10},"end":{"line":196,"column":null}},"81":{"start":{"line":195,"column":4},"end":{"line":195,"column":82}},"82":{"start":{"line":201,"column":10},"end":{"line":203,"column":null}},"83":{"start":{"line":202,"column":4},"end":{"line":202,"column":82}},"84":{"start":{"line":208,"column":10},"end":{"line":210,"column":null}},"85":{"start":{"line":209,"column":4},"end":{"line":209,"column":43}},"86":{"start":{"line":215,"column":10},"end":{"line":218,"column":null}},"87":{"start":{"line":216,"column":17},"end":{"line":216,"column":50}},"88":{"start":{"line":217,"column":4},"end":{"line":217,"column":34}},"89":{"start":{"line":223,"column":10},"end":{"line":226,"column":null}},"90":{"start":{"line":224,"column":19},"end":{"line":224,"column":43}},"91":{"start":{"line":225,"column":4},"end":{"line":225,"column":33}},"92":{"start":{"line":227,"column":0},"end":{"line":227,"column":null}},"93":{"start":{"line":7,"column":13},"end":{"line":7,"column":27}}},"fnMap":{"0":{"name":"(anonymous_0)","decl":{"start":{"line":7,"column":0},"end":{"line":7,"column":13}},"loc":{"start":{"line":7,"column":0},"end":{"line":227,"column":1}}},"1":{"name":"SolitaireRules","decl":{"start":{"line":31,"column":2},"end":{"line":31,"column":null}},"loc":{"start":{"line":31,"column":2},"end":{"line":44,"column":3}}},"2":{"name":"(anonymous_2)","decl":{"start":{"line":50,"column":2},"end":{"line":50,"column":9}},"loc":{"start":{"line":50,"column":29},"end":{"line":79,"column":3}}},"3":{"name":"(anonymous_3)","decl":{"start":{"line":87,"column":2},"end":{"line":87,"column":9}},"loc":{"start":{"line":87,"column":62},"end":{"line":104,"column":3}}},"4":{"name":"(anonymous_4)","decl":{"start":{"line":112,"column":2},"end":{"line":112,"column":9}},"loc":{"start":{"line":112,"column":69},"end":{"line":129,"column":3}}},"5":{"name":"(anonymous_5)","decl":{"start":{"line":135,"column":2},"end":{"line":135,"column":9}},"loc":{"start":{"line":135,"column":2},"end":{"line":142,"column":3}}},"6":{"name":"(anonymous_6)","decl":{"start":{"line":149,"column":2},"end":{"line":149,"column":9}},"loc":{"start":{"line":149,"column":47},"end":{"line":162,"column":3}}},"7":{"name":"(anonymous_7)","decl":{"start":{"line":168,"column":2},"end":{"line":168,"column":9}},"loc":{"start":{"line":168,"column":2},"end":{"line":176,"column":3}}},"8":{"name":"(anonymous_8)","decl":{"start":{"line":181,"column":2},"end":{"line":181,"column":9}},"loc":{"start":{"line":181,"column":2},"end":{"line":189,"column":3}}},"9":{"name":"(anonymous_9)","decl":{"start":{"line":194,"column":2},"end":{"line":194,"column":10}},"loc":{"start":{"line":194,"column":62},"end":{"line":196,"column":3}}},"10":{"name":"(anonymous_10)","decl":{"start":{"line":201,"column":2},"end":{"line":201,"column":10}},"loc":{"start":{"line":201,"column":63},"end":{"line":203,"column":3}}},"11":{"name":"(anonymous_11)","decl":{"start":{"line":208,"column":2},"end":{"line":208,"column":10}},"loc":{"start":{"line":208,"column":50},"end":{"line":210,"column":3}}},"12":{"name":"(anonymous_12)","decl":{"start":{"line":215,"column":2},"end":{"line":215,"column":10}},"loc":{"start":{"line":215,"column":47},"end":{"line":218,"column":3}}},"13":{"name":"(anonymous_13)","decl":{"start":{"line":223,"column":2},"end":{"line":223,"column":10}},"loc":{"start":{"line":223,"column":40},"end":{"line":226,"column":3}}}},"branchMap":{"0":{"loc":{"start":{"line":51,"column":4},"end":{"line":53,"column":5}},"type":"if","locations":[{"start":{"line":51,"column":4},"end":{"line":53,"column":5}},{"start":{},"end":{}}]},"1":{"loc":{"start":{"line":51,"column":8},"end":{"line":51,"column":34}},"type":"binary-expr","locations":[{"start":{"line":51,"column":8},"end":{"line":51,"column":13}},{"start":{"line":51,"column":17},"end":{"line":51,"column":34}}]},"2":{"loc":{"start":{"line":88,"column":4},"end":{"line":90,"column":5}},"type":"if","locations":[{"start":{"line":88,"column":4},"end":{"line":90,"column":5}},{"start":{},"end":{}}]},"3":{"loc":{"start":{"line":88,"column":8},"end":{"line":88,"column":52}},"type":"binary-expr","locations":[{"start":{"line":88,"column":8},"end":{"line":88,"column":23}},{"start":{"line":88,"column":27},"end":{"line":88,"column":43}},{"start":{"line":88,"column":47},"end":{"line":88,"column":52}}]},"4":{"loc":{"start":{"line":95,"column":4},"end":{"line":97,"column":5}},"type":"if","locations":[{"start":{"line":95,"column":4},"end":{"line":97,"column":5}},{"start":{},"end":{}}]},"5":{"loc":{"start":{"line":103,"column":11},"end":{"line":103,"column":98}},"type":"binary-expr","locations":[{"start":{"line":103,"column":11},"end":{"line":103,"column":59}},{"start":{"line":103,"column":63},"end":{"line":103,"column":98}}]},"6":{"loc":{"start":{"line":113,"column":4},"end":{"line":115,"column":5}},"type":"if","locations":[{"start":{"line":113,"column":4},"end":{"line":115,"column":5}},{"start":{},"end":{}}]},"7":{"loc":{"start":{"line":113,"column":8},"end":{"line":113,"column":60}},"type":"binary-expr","locations":[{"start":{"line":113,"column":8},"end":{"line":113,"column":27}},{"start":{"line":113,"column":31},"end":{"line":113,"column":51}},{"start":{"line":113,"column":55},"end":{"line":113,"column":60}}]},"8":{"loc":{"start":{"line":120,"column":4},"end":{"line":122,"column":5}},"type":"if","locations":[{"start":{"line":120,"column":4},"end":{"line":122,"column":5}},{"start":{},"end":{}}]},"9":{"loc":{"start":{"line":128,"column":11},"end":{"line":128,"column":92}},"type":"binary-expr","locations":[{"start":{"line":128,"column":11},"end":{"line":128,"column":39}},{"start":{"line":128,"column":43},"end":{"line":128,"column":92}}]},"10":{"loc":{"start":{"line":137,"column":6},"end":{"line":139,"column":7}},"type":"if","locations":[{"start":{"line":137,"column":6},"end":{"line":139,"column":7}},{"start":{},"end":{}}]},"11":{"loc":{"start":{"line":150,"column":4},"end":{"line":152,"column":5}},"type":"if","locations":[{"start":{"line":150,"column":4},"end":{"line":152,"column":5}},{"start":{},"end":{}}]},"12":{"loc":{"start":{"line":157,"column":4},"end":{"line":159,"column":5}},"type":"if","locations":[{"start":{"line":157,"column":4},"end":{"line":159,"column":5}},{"start":{},"end":{}}]},"13":{"loc":{"start":{"line":169,"column":4},"end":{"line":171,"column":5}},"type":"if","locations":[{"start":{"line":169,"column":4},"end":{"line":171,"column":5}},{"start":{},"end":{}}]},"14":{"loc":{"start":{"line":182,"column":4},"end":{"line":188,"column":5}},"type":"if","locations":[{"start":{"line":182,"column":4},"end":{"line":188,"column":5}},{"start":{},"end":{}}]},"15":{"loc":{"start":{"line":182,"column":8},"end":{"line":182,"column":64}},"type":"binary-expr","locations":[{"start":{"line":182,"column":8},"end":{"line":182,"column":35}},{"start":{"line":182,"column":39},"end":{"line":182,"column":64}}]}},"s":{"0":1,"1":1,"2":26,"3":26,"4":26,"5":182,"6":26,"7":26,"8":26,"9":104,"10":26,"11":26,"12":1,"13":3,"14":1,"15":2,"16":2,"17":2,"18":14,"19":14,"20":2,"21":2,"22":2,"23":8,"24":8,"25":2,"26":2,"27":2,"28":2,"29":2,"30":14,"31":14,"32":56,"33":56,"34":2,"35":2,"36":48,"37":1,"38":8,"39":3,"40":5,"41":5,"42":2,"43":3,"44":3,"45":1,"46":13,"47":3,"48":10,"49":10,"50":6,"51":4,"52":4,"53":1,"54":3,"55":3,"56":3,"57":6,"58":6,"59":2,"60":1,"61":1,"62":6,"63":1,"64":5,"65":5,"66":4,"67":1,"68":1,"69":2,"70":1,"71":1,"72":1,"73":1,"74":1,"75":3,"76":1,"77":1,"78":3,"79":1,"80":1,"81":3,"82":1,"83":3,"84":1,"85":2,"86":1,"87":12,"88":12,"89":1,"90":5,"91":5,"92":1,"93":1},"f":{"0":1,"1":26,"2":3,"3":8,"4":13,"5":3,"6":6,"7":2,"8":3,"9":3,"10":3,"11":2,"12":12,"13":5},"b":{"0":[1,2],"1":[3,3],"2":[3,5],"3":[8,7,6],"4":[2,3],"5":[3,2],"6":[3,10],"7":[13,12,11],"8":[6,4],"9":[4,3],"10":[2,4],"11":[1,5],"12":[4,1],"13":[1,1],"14":[1,2],"15":[3,2]}}
}
