TN:
SF:src/index.ts
FN:2,(anonymous_0)
FN:2,(anonymous_1)
FN:2,(anonymous_2)
FN:3,(anonymous_3)
FN:4,(anonymous_4)
FNF:5
FNH:0
FNDA:0,(anonymous_0)
FNDA:0,(anonymous_1)
FNDA:0,(anonymous_2)
FNDA:0,(anonymous_3)
FNDA:0,(anonymous_4)
DA:2,0
DA:3,0
DA:4,0
LF:3
LH:0
BRF:0
BRH:0
end_of_record
TN:
SF:src/core/Card.ts
FN:4,(anonymous_0)
FN:23,(anonymous_1)
FN:33,(anonymous_2)
FN:44,Card
FN:52,(anonymous_4)
FN:62,(anonymous_5)
FN:69,(anonymous_6)
FN:91,(anonymous_7)
FN:98,(anonymous_8)
FNF:9
FNH:9
FNDA:3,(anonymous_0)
FNDA:3,(anonymous_1)
FNDA:3,(anonymous_2)
FNDA:1230,Card
FNDA:56,(anonymous_4)
FNDA:4,(anonymous_5)
FNDA:19,(anonymous_6)
FNDA:8,(anonymous_7)
FNDA:4,(anonymous_8)
DA:4,3
DA:5,3
DA:6,3
DA:7,3
DA:8,3
DA:9,3
DA:10,3
DA:11,3
DA:12,3
DA:13,3
DA:14,3
DA:15,3
DA:16,3
DA:17,3
DA:23,3
DA:24,3
DA:25,3
DA:26,3
DA:27,3
DA:33,3
DA:45,1230
DA:46,1230
DA:52,3
DA:53,56
DA:54,1
DA:56,55
DA:62,3
DA:63,4
DA:69,3
DA:70,19
DA:71,4
DA:72,3
DA:73,1
DA:74,0
DA:75,2
DA:76,2
DA:77,3
DA:78,0
DA:79,0
DA:80,1
DA:81,1
DA:82,1
DA:83,1
DA:84,0
DA:91,3
DA:92,8
DA:98,3
DA:99,4
DA:101,3
LF:49
LH:45
BRDA:4,0,0,3
BRDA:4,0,1,3
BRDA:23,1,0,3
BRDA:23,1,1,3
BRDA:53,2,0,1
BRDA:53,2,1,55
BRDA:53,3,0,56
BRDA:53,3,1,55
BRDA:56,4,0,55
BRDA:56,4,1,54
BRDA:70,5,0,4
BRDA:70,5,1,3
BRDA:70,5,2,1
BRDA:70,5,3,0
BRDA:70,5,4,2
BRDA:70,5,5,2
BRDA:70,5,6,3
BRDA:70,5,7,0
BRDA:70,5,8,0
BRDA:70,5,9,1
BRDA:70,5,10,1
BRDA:70,5,11,1
BRDA:70,5,12,1
BRDA:70,5,13,0
BRDA:92,6,0,8
BRDA:92,6,1,5
BRDA:99,7,0,4
BRDA:99,7,1,3
BRF:28
BRH:24
end_of_record
TN:
SF:src/core/Deck.ts
FN:6,(anonymous_0)
FN:18,Deck
FN:33,(anonymous_2)
FN:47,(anonymous_3)
FN:55,(anonymous_4)
FN:66,(anonymous_5)
FN:73,(anonymous_6)
FN:80,(anonymous_7)
FN:82,(anonymous_8)
FNF:9
FNH:9
FNDA:2,(anonymous_0)
FNDA:19,Deck
FNDA:3,(anonymous_2)
FNDA:121,(anonymous_3)
FNDA:108,(anonymous_4)
FNDA:1,(anonymous_5)
FNDA:55,(anonymous_6)
FNDA:2,(anonymous_7)
FNDA:104,(anonymous_8)
DA:1,2
DA:6,2
DA:19,19
DA:22,19
DA:23,76
DA:24,988
DA:25,988
DA:33,2
DA:34,3
DA:35,3
DA:36,153
DA:37,153
DA:38,153
DA:39,153
DA:40,153
DA:47,2
DA:48,121
DA:55,2
DA:56,108
DA:57,1
DA:59,107
DA:66,2
DA:67,1
DA:73,2
DA:74,55
DA:80,2
DA:81,2
DA:82,104
DA:83,2
DA:85,2
LF:30
LH:30
BRDA:19,0,0,19
BRDA:19,0,1,16
BRDA:56,1,0,1
BRDA:56,1,1,107
BRDA:59,2,0,107
BRDA:59,2,1,0
BRF:6
BRH:5
end_of_record
TN:
SF:src/core/SolitaireRules.ts
FN:7,(anonymous_0)
FN:31,SolitaireRules
FN:50,(anonymous_2)
FN:87,(anonymous_3)
FN:112,(anonymous_4)
FN:135,(anonymous_5)
FN:149,(anonymous_6)
FN:168,(anonymous_7)
FN:181,(anonymous_8)
FN:194,(anonymous_9)
FN:201,(anonymous_10)
FN:208,(anonymous_11)
FN:215,(anonymous_12)
FN:223,(anonymous_13)
FNF:14
FNH:14
FNDA:1,(anonymous_0)
FNDA:26,SolitaireRules
FNDA:3,(anonymous_2)
FNDA:8,(anonymous_3)
FNDA:13,(anonymous_4)
FNDA:3,(anonymous_5)
FNDA:6,(anonymous_6)
FNDA:2,(anonymous_7)
FNDA:3,(anonymous_8)
FNDA:3,(anonymous_9)
FNDA:3,(anonymous_10)
FNDA:2,(anonymous_11)
FNDA:12,(anonymous_12)
FNDA:5,(anonymous_13)
DA:1,1
DA:7,1
DA:32,26
DA:33,26
DA:34,182
DA:37,26
DA:38,26
DA:39,104
DA:42,26
DA:43,26
DA:50,1
DA:51,3
DA:52,1
DA:56,14
DA:57,14
DA:59,8
DA:60,8
DA:62,2
DA:63,2
DA:65,2
DA:68,2
DA:69,14
DA:70,56
DA:71,56
DA:76,2
DA:77,48
DA:87,1
DA:88,8
DA:89,3
DA:92,5
DA:95,5
DA:96,2
DA:100,3
DA:103,3
DA:112,1
DA:113,13
DA:114,3
DA:117,10
DA:120,10
DA:121,6
DA:125,4
DA:128,4
DA:135,1
DA:136,6
DA:137,6
DA:138,2
DA:141,1
DA:149,1
DA:150,6
DA:151,1
DA:155,5
DA:157,5
DA:158,4
DA:161,1
DA:168,1
DA:169,2
DA:170,1
DA:173,1
DA:174,1
DA:175,1
DA:181,1
DA:182,3
DA:184,1
DA:185,3
DA:187,1
DA:194,1
DA:195,3
DA:201,1
DA:202,3
DA:208,1
DA:209,2
DA:215,1
DA:216,12
DA:217,12
DA:223,1
DA:224,5
DA:225,5
DA:227,1
LF:78
LH:78
BRDA:51,0,0,1
BRDA:51,0,1,2
BRDA:51,1,0,3
BRDA:51,1,1,3
BRDA:88,2,0,3
BRDA:88,2,1,5
BRDA:88,3,0,8
BRDA:88,3,1,7
BRDA:88,3,2,6
BRDA:95,4,0,2
BRDA:95,4,1,3
BRDA:103,5,0,3
BRDA:103,5,1,2
BRDA:113,6,0,3
BRDA:113,6,1,10
BRDA:113,7,0,13
BRDA:113,7,1,12
BRDA:113,7,2,11
BRDA:120,8,0,6
BRDA:120,8,1,4
BRDA:128,9,0,4
BRDA:128,9,1,3
BRDA:137,10,0,2
BRDA:137,10,1,4
BRDA:150,11,0,1
BRDA:150,11,1,5
BRDA:157,12,0,4
BRDA:157,12,1,1
BRDA:169,13,0,1
BRDA:169,13,1,1
BRDA:182,14,0,1
BRDA:182,14,1,2
BRDA:182,15,0,3
BRDA:182,15,1,2
BRF:34
BRH:34
end_of_record
